 * Serving Flask app 'main'
 * Debug mode: off
[31m[1mWARNING: This is a development server. Do not use it in a production deployment. Use a production WSGI server instead.[0m
 * Running on all addresses (0.0.0.0)
 * Running on http://127.0.0.1:9191
 * Running on http://192.168.7.72:9191
[33mPress CTRL+C to quit[0m
120.229.17.42 - - [22/Feb/2024 00:10:30] "GET /test HTTP/1.1" 200 -
120.229.17.42 - - [22/Feb/2024 00:10:31] "GET /test HTTP/1.1" 200 -
买 2024-02-22 03:30:00   利物浦   -1.75 负   0.94 总额 1063.8297872340427
买 2024-02-22 04:00:00   波尔图   0.75 胜   1.06 总额 943.3962264150942
买 2024-02-22 04:00:00   那不勒斯   0.25 胜   1.06 总额 943.3962264150942
买 2024-02-22 09:00:00   迈阿密   -1.0 负   0.92 总额 1086.9565217391305
买 2024-02-22 11:00:00   墨美洲   -1.75 负   0.8 总额 1250.0
买 2024-02-22 11:00:00   莱昂   0.0 胜   0.93 总额 1075.268817204301
+---------------------+------------+------------+------+-------+------------+------------+------------+
|         时间        |    主队    |    客队    | 类型 |  让球 |    主胜    |    平局    |    客胜    |
+---------------------+------------+------------+------+-------+------------+------------+------------+
| 2024-02-22 03:25:00 |   利物浦   |    卢顿    | 北单 |   -2  |   2.041    |   2.2815   |   1.6315   |
| 2024-02-22 03:30:00 |   利物浦   |    卢顿    | 欧指 |   无  | 1.18(澳门) | 6.8(澳门)  | 9.2(澳门)  |
| 2024-02-22 03:30:00 |   利物浦   |    卢顿    | 让球 | -1.75 | 0.92(澳门) |     无     | 0.94(澳门) |
| 2024-02-22 03:55:00 |   波尔图   |   阿森纳   | 北单 |   1   |   1.9045   |   1.963    |   1.9695   |
| 2024-02-22 04:00:00 |   波尔图   |   阿森纳   | 欧指 |   无  | 5.2(澳门)  | 3.58(澳门) | 1.58(澳门) |
| 2024-02-22 04:00:00 |   波尔图   |   阿森纳   | 让球 |  0.75 | 1.06(澳门) |     无     | 0.8(澳门)  |
| 2024-02-22 03:55:00 |  那不勒斯  |  巴塞罗那  | 北单 |   0   |   2.834    |   1.898    |   1.5145   |
| 2024-02-22 04:00:00 |  那不勒斯  |  巴塞罗那  | 欧指 |   无  | 2.65(澳门) | 3.48(澳门) | 2.26(澳门) |
| 2024-02-22 04:00:00 |  那不勒斯  |  巴塞罗那  | 让球 |  0.25 | 0.8(澳门)  |     无     | 1.06(澳门) |
| 2024-02-22 06:00:00 | 国际迈阿密 | 皇家盐湖城 | 北单 |   -1  |   1.9175   |   2.3595   |   1.677    |
| 2024-02-22 09:00:00 |   迈阿密   |   盐湖城   | 欧指 |   无  | 1.46(澳门) | 4.2(澳门)  | 5.2(澳门)  |
| 2024-02-22 09:00:00 |   迈阿密   |   盐湖城   | 让球 |  -1.0 | 0.88(澳门) |     无     | 0.92(澳门) |
| 2024-02-22 10:55:00 | 墨西哥美洲 |  马萨特兰  | 北单 |   -2  |   2.223    |   2.665    |   1.3975   |
| 2024-02-22 11:00:00 |   墨美洲   |  马萨特兰  | 欧指 |   无  | 1.28(澳门) | 5.15(澳门) | 7.4(澳门)  |
| 2024-02-22 11:00:00 |   墨美洲   |  马萨特兰  | 让球 | -1.75 |  1(澳门)   |     无     | 0.8(澳门)  |
| 2024-02-22 10:55:00 |    莱昂    |   蓝十字   | 北单 |   0   |   2.366    |   2.249    |   1.4885   |
| 2024-02-22 11:00:00 |    莱昂    |   蓝十字   | 欧指 |   无  | 2.35(澳门) | 3.48(澳门) | 2.48(澳门) |
| 2024-02-22 11:00:00 |    莱昂    |   蓝十字   | 让球 |  0.0  | 0.87(澳门) |     无     | 0.93(澳门) |
+---------------------+------------+------------+------+-------+------------+------------+------------+
买 2024-02-22 03:30:00   利物浦   -1.75 负   0.94 总额 1063.8297872340427
买 2024-02-22 04:00:00   波尔图   0.75 胜   1.06 总额 943.3962264150942
买 2024-02-22 04:00:00   那不勒斯   0.25 胜   1.06 总额 943.3962264150942
买 2024-02-22 09:00:00   迈阿密   -1.0 负   0.92 总额 1086.9565217391305
买 2024-02-22 11:00:00   墨美洲   -1.75 负   0.8 总额 1250.0
买 2024-02-22 11:00:00   莱昂   0.0 胜   0.93 总额 1075.268817204301
+---------------------+------------+------------+------+-------+------------+------------+------------+
|         时间        |    主队    |    客队    | 类型 |  让球 |    主胜    |    平局    |    客胜    |
+---------------------+------------+------------+------+-------+------------+------------+------------+
| 2024-02-22 03:25:00 |   利物浦   |    卢顿    | 北单 |   -2  |   2.041    |   2.2815   |   1.6315   |
| 2024-02-22 03:30:00 |   利物浦   |    卢顿    | 欧指 |   无  | 1.18(澳门) | 6.8(澳门)  | 9.2(澳门)  |
| 2024-02-22 03:30:00 |   利物浦   |    卢顿    | 让球 | -1.75 | 0.92(澳门) |     无     | 0.94(澳门) |
| 2024-02-22 03:55:00 |   波尔图   |   阿森纳   | 北单 |   1   |   1.9045   |   1.963    |   1.9695   |
| 2024-02-22 04:00:00 |   波尔图   |   阿森纳   | 欧指 |   无  | 5.2(澳门)  | 3.58(澳门) | 1.58(澳门) |
| 2024-02-22 04:00:00 |   波尔图   |   阿森纳   | 让球 |  0.75 | 1.06(澳门) |     无     | 0.8(澳门)  |
| 2024-02-22 03:55:00 |  那不勒斯  |  巴塞罗那  | 北单 |   0   |   2.834    |   1.898    |   1.5145   |
| 2024-02-22 04:00:00 |  那不勒斯  |  巴塞罗那  | 欧指 |   无  | 2.65(澳门) | 3.48(澳门) | 2.26(澳门) |
| 2024-02-22 04:00:00 |  那不勒斯  |  巴塞罗那  | 让球 |  0.25 | 0.8(澳门)  |     无     | 1.06(澳门) |
| 2024-02-22 06:00:00 | 国际迈阿密 | 皇家盐湖城 | 北单 |   -1  |   1.9175   |   2.3595   |   1.677    |
| 2024-02-22 09:00:00 |   迈阿密   |   盐湖城   | 欧指 |   无  | 1.46(澳门) | 4.2(澳门)  | 5.2(澳门)  |
| 2024-02-22 09:00:00 |   迈阿密   |   盐湖城   | 让球 |  -1.0 | 0.88(澳门) |     无     | 0.92(澳门) |
| 2024-02-22 10:55:00 | 墨西哥美洲 |  马萨特兰  | 北单 |   -2  |   2.223    |   2.665    |   1.3975   |
| 2024-02-22 11:00:00 |   墨美洲   |  马萨特兰  | 欧指 |   无  | 1.28(澳门) | 5.15(澳门) | 7.4(澳门)  |
| 2024-02-22 11:00:00 |   墨美洲   |  马萨特兰  | 让球 | -1.75 |  1(澳门)   |     无     | 0.8(澳门)  |
| 2024-02-22 10:55:00 |    莱昂    |   蓝十字   | 北单 |   0   |   2.366    |   2.249    |   1.4885   |
| 2024-02-22 11:00:00 |    莱昂    |   蓝十字   | 欧指 |   无  | 2.35(澳门) | 3.48(澳门) | 2.48(澳门) |
| 2024-02-22 11:00:00 |    莱昂    |   蓝十字   | 让球 |  0.0  | 0.87(澳门) |     无     | 0.93(澳门) |
+---------------------+------------+------------+------+-------+------------+------------+------------+
买 2024-02-22 03:30:00   利物浦   -1.75 负   0.94 总额 1063.8297872340427
买 2024-02-22 04:00:00   波尔图   0.75 胜   1.06 总额 943.3962264150942
买 2024-02-22 04:00:00   那不勒斯   0.25 胜   1.06 总额 943.3962264150942
买 2024-02-22 09:00:00   迈阿密   -1.0 负   0.92 总额 1086.9565217391305
买 2024-02-22 11:00:00   墨美洲   -1.75 负   0.8 总额 1250.0
买 2024-02-22 11:00:00   莱昂   0.0 胜   0.93 总额 1075.268817204301
120.229.17.42 - - [22/Feb/2024 00:10:33] "GET /test HTTP/1.1" 200 -
120.229.17.42 - - [22/Feb/2024 00:10:43] "GET /test HTTP/1.1" 200 -
120.229.17.42 - - [22/Feb/2024 00:10:44] "[33mGET /favicon.ico HTTP/1.1[0m" 404 -
+---------------------+------------+------------+------+-------+------------+------------+------------+
|         时间        |    主队    |    客队    | 类型 |  让球 |    主胜    |    平局    |    客胜    |
+---------------------+------------+------------+------+-------+------------+------------+------------+
| 2024-02-22 03:25:00 |   利物浦   |    卢顿    | 北单 |   -2  |   2.041    |   2.2815   |   1.6315   |
| 2024-02-22 03:30:00 |   利物浦   |    卢顿    | 欧指 |   无  | 1.18(澳门) | 6.8(澳门)  | 9.2(澳门)  |
| 2024-02-22 03:30:00 |   利物浦   |    卢顿    | 让球 | -1.75 | 0.92(澳门) |     无     | 0.94(澳门) |
| 2024-02-22 03:55:00 |   波尔图   |   阿森纳   | 北单 |   1   |   1.9045   |   1.963    |   1.9695   |
| 2024-02-22 04:00:00 |   波尔图   |   阿森纳   | 欧指 |   无  | 5.2(澳门)  | 3.58(澳门) | 1.58(澳门) |
| 2024-02-22 04:00:00 |   波尔图   |   阿森纳   | 让球 |  0.75 | 1.06(澳门) |     无     | 0.8(澳门)  |
| 2024-02-22 03:55:00 |  那不勒斯  |  巴塞罗那  | 北单 |   0   |   2.834    |   1.898    |   1.5145   |
| 2024-02-22 04:00:00 |  那不勒斯  |  巴塞罗那  | 欧指 |   无  | 2.65(澳门) | 3.48(澳门) | 2.26(澳门) |
| 2024-02-22 04:00:00 |  那不勒斯  |  巴塞罗那  | 让球 |  0.25 | 0.8(澳门)  |     无     | 1.06(澳门) |
| 2024-02-22 06:00:00 | 国际迈阿密 | 皇家盐湖城 | 北单 |   -1  |   1.9175   |   2.3595   |   1.677    |
| 2024-02-22 09:00:00 |   迈阿密   |   盐湖城   | 欧指 |   无  | 1.46(澳门) | 4.2(澳门)  | 5.2(澳门)  |
| 2024-02-22 09:00:00 |   迈阿密   |   盐湖城   | 让球 |  -1.0 | 0.88(澳门) |     无     | 0.92(澳门) |
| 2024-02-22 10:55:00 | 墨西哥美洲 |  马萨特兰  | 北单 |   -2  |   2.223    |   2.665    |   1.3975   |
| 2024-02-22 11:00:00 |   墨美洲   |  马萨特兰  | 欧指 |   无  | 1.28(澳门) | 5.15(澳门) | 7.4(澳门)  |
| 2024-02-22 11:00:00 |   墨美洲   |  马萨特兰  | 让球 | -1.75 |  1(澳门)   |     无     | 0.8(澳门)  |
| 2024-02-22 10:55:00 |    莱昂    |   蓝十字   | 北单 |   0   |   2.366    |   2.249    |   1.4885   |
| 2024-02-22 11:00:00 |    莱昂    |   蓝十字   | 欧指 |   无  | 2.35(澳门) | 3.48(澳门) | 2.48(澳门) |
| 2024-02-22 11:00:00 |    莱昂    |   蓝十字   | 让球 |  0.0  | 0.87(澳门) |     无     | 0.93(澳门) |
+---------------------+------------+------------+------+-------+------------+------------+------------+
买 2024-02-22 03:30:00   利物浦   -1.75 负   0.94 总额 1063.8297872340427
买 2024-02-22 04:00:00   波尔图   0.75 胜   1.06 总额 943.3962264150942
买 2024-02-22 04:00:00   那不勒斯   0.25 胜   1.06 总额 943.3962264150942
买 2024-02-22 09:00:00   迈阿密   -1.0 负   0.92 总额 1086.9565217391305
买 2024-02-22 11:00:00   墨美洲   -1.75 负   0.8 总额 1250.0
买 2024-02-22 11:00:00   莱昂   0.0 胜   0.93 总额 1075.268817204301
+---------------------+------------+------------+------+-------+------------+------------+------------+
|         时间        |    主队    |    客队    | 类型 |  让球 |    主胜    |    平局    |    客胜    |
+---------------------+------------+------------+------+-------+------------+------------+------------+
| 2024-02-22 03:25:00 |   利物浦   |    卢顿    | 北单 |   -2  |   2.041    |   2.2815   |   1.6315   |
| 2024-02-22 03:30:00 |   利物浦   |    卢顿    | 欧指 |   无  | 1.18(澳门) | 6.8(澳门)  | 9.2(澳门)  |
| 2024-02-22 03:30:00 |   利物浦   |    卢顿    | 让球 | -1.75 | 0.92(澳门) |     无     | 0.94(澳门) |
| 2024-02-22 03:55:00 |   波尔图   |   阿森纳   | 北单 |   1   |   1.9045   |   1.963    |   1.9695   |
| 2024-02-22 04:00:00 |   波尔图   |   阿森纳   | 欧指 |   无  | 5.2(澳门)  | 3.58(澳门) | 1.58(澳门) |
| 2024-02-22 04:00:00 |   波尔图   |   阿森纳   | 让球 |  0.75 | 1.06(澳门) |     无     | 0.8(澳门)  |
| 2024-02-22 03:55:00 |  那不勒斯  |  巴塞罗那  | 北单 |   0   |   2.834    |   1.898    |   1.5145   |
| 2024-02-22 04:00:00 |  那不勒斯  |  巴塞罗那  | 欧指 |   无  | 2.65(澳门) | 3.48(澳门) | 2.26(澳门) |
| 2024-02-22 04:00:00 |  那不勒斯  |  巴塞罗那  | 让球 |  0.25 | 0.8(澳门)  |     无     | 1.06(澳门) |
| 2024-02-22 06:00:00 | 国际迈阿密 | 皇家盐湖城 | 北单 |   -1  |   1.9175   |   2.3595   |   1.677    |
| 2024-02-22 09:00:00 |   迈阿密   |   盐湖城   | 欧指 |   无  | 1.46(澳门) | 4.2(澳门)  | 5.2(澳门)  |
| 2024-02-22 09:00:00 |   迈阿密   |   盐湖城   | 让球 |  -1.0 | 0.88(澳门) |     无     | 0.92(澳门) |
| 2024-02-22 10:55:00 | 墨西哥美洲 |  马萨特兰  | 北单 |   -2  |   2.223    |   2.665    |   1.3975   |
| 2024-02-22 11:00:00 |   墨美洲   |  马萨特兰  | 欧指 |   无  | 1.28(澳门) | 5.15(澳门) | 7.4(澳门)  |
| 2024-02-22 11:00:00 |   墨美洲   |  马萨特兰  | 让球 | -1.75 |  1(澳门)   |     无     | 0.8(澳门)  |
| 2024-02-22 10:55:00 |    莱昂    |   蓝十字   | 北单 |   0   |   2.366    |   2.249    |   1.4885   |
| 2024-02-22 11:00:00 |    莱昂    |   蓝十字   | 欧指 |   无  | 2.35(澳门) | 3.48(澳门) | 2.48(澳门) |
| 2024-02-22 11:00:00 |    莱昂    |   蓝十字   | 让球 |  0.0  | 0.87(澳门) |     无     | 0.93(澳门) |
+---------------------+------------+------------+------+-------+------------+------------+------------+
买 2024-02-22 03:30:00   利物浦   -1.75 负   0.94 总额 1063.8297872340427
买 2024-02-22 04:00:00   波尔图   0.75 胜   1.06 总额 943.3962264150942
买 2024-02-22 04:00:00   那不勒斯   0.25 胜   1.06 总额 943.3962264150942
买 2024-02-22 09:00:00   迈阿密   -1.0 负   0.92 总额 1086.9565217391305
买 2024-02-22 11:00:00   墨美洲   -1.75 负   0.8 总额 1250.0
买 2024-02-22 11:00:00   莱昂   0.0 胜   0.93 总额 1075.268817204301
120.229.17.42 - - [22/Feb/2024 00:22:19] "GET /test HTTP/1.1" 200 -
120.229.17.42 - - [22/Feb/2024 00:22:19] "[33mGET /favicon.ico HTTP/1.1[0m" 404 -
120.229.17.42 - - [22/Feb/2024 00:22:22] "GET /test HTTP/1.1" 200 -
